<?xml version="1.0" encoding="UTF-8"?>
<testng-results skipped="0" failed="0" total="1" passed="1">
  <reporter-output>
  </reporter-output>
  <suite name="Suite" duration-ms="32" started-at="2017-05-10T20:52:34Z" finished-at="2017-05-10T20:52:34Z">
    <groups>
    </groups>
    <test name="Test" duration-ms="32" started-at="2017-05-10T20:52:34Z" finished-at="2017-05-10T20:52:34Z">
      <class name="firstjenkinsbuild.FirstTestFrmJenkins">
        <test-method status="PASS" signature="helloJenkins()" name="helloJenkins" duration-ms="0" started-at="2017-05-10T20:52:34Z" finished-at="2017-05-10T20:52:34Z">
        </test-method>
      </class>
    </test>
  </suite>
</testng-results>
